<?xml version="1.0" encoding="UTF-8"?>
<!-- Generated by org.testng.reporters.JUnitReportReporter -->
<testsuite hostname="ImranB" failures="0" tests="2" name="com.w2a.API_Batch.testCases.TestCreateCustomerAPI" time="3.044" errors="0" timestamp="2025-02-10T13:09:24 EST" skipped="0">
  <testcase classname="com.w2a.API_Batch.testCases.TestCreateCustomerAPI" name="validateCreateCustomerWithValid" time="0.825"/>
  <testcase classname="com.w2a.API_Batch.testCases.TestCreateCustomerAPI" name="validateCreateCustomerWithValid" time="2.219"/>
</testsuite> <!-- com.w2a.API_Batch.testCases.TestCreateCustomerAPI -->
