<?xml version="1.0" encoding="UTF-8"?>
<!-- Generated by org.testng.reporters.JUnitReportReporter -->
<testsuite hostname="ImranB" failures="0" tests="1" name="com.w2a.API_Batch.testCases.TestCustomerAPI" time="2.897" errors="0" timestamp="2025-02-14T16:20:49 EST" skipped="0">
  <testcase classname="com.w2a.API_Batch.testCases.TestCustomerAPI" name="validateCreateCustomerAPIWithValidData" time="2.897"/>
</testsuite> <!-- com.w2a.API_Batch.testCases.TestCustomerAPI -->
